INFO:     Started server process [12812]
INFO:     Waiting for application startup.
2026-03-29 15:20:31,756 - cvision - INFO - Starting CVision backend...
2026-03-29 15:20:31,822 - cvision - INFO - Database tables ensured.
2026-03-29 15:20:31,844 - cvision - INFO - Skills table already up to date (140 entries).
2026-03-29 15:20:31,849 - cvision - INFO - Role profiles table already has 44 entries, skipping seed.
2026-03-29 15:20:31,850 - cvision - INFO - Upload directory ready at: uploads
INFO:     Application startup complete.
INFO:     Uvicorn running on http://127.0.0.1:8001 (Press CTRL+C to quit)
2026-03-29 15:31:41,242 - cvision.services.cv - INFO - Saved file: f3595eea0795433296f8ecf0fef4330a.pdf (103241 bytes) to uploads\f3595eea0795433296f8ecf0fef4330a.pdf
2026-03-29 15:31:41,256 - cvision.services.cv - INFO - CV record created: id=1, user=1
2026-03-29 15:31:41,260 - cvision.services.cv - INFO - Background task starting for CV 1
2026-03-29 15:31:41,264 - cvision.services.cv - INFO - Background task starting for CV 1 (User 1)
2026-03-29 15:31:41,271 - cvision.parsing.pdf - INFO - Extracting text from PDF: f3595eea0795433296f8ecf0fef4330a.pdf
2026-03-29 15:31:41,301 - cvision.parsing.pdf - INFO - Total extracted: 2272 chars from 1 pages
2026-03-29 15:31:41,304 - cvision.services.cv - INFO - Text processing completed, launching analysis engine...
2026-03-29 15:31:41,310 - cvision.services.analysis - INFO - Running analysis for CV 1 (Domain: Software Engineering) (140 skills, 8 role profiles)
2026-03-29 15:31:41,313 - cvision.analysis.engine - INFO - Starting analysis pipeline...
2026-03-29 15:31:41,313 - cvision.analysis.engine - INFO - Running: Section Detector
2026-03-29 15:31:41,314 - cvision.analysis.section_detector - INFO - Detected 7/8 sections, completeness=95.0%
2026-03-29 15:31:41,314 - cvision.analysis.engine - INFO - Running: Skill Extractor
2026-03-29 15:31:41,322 - cvision.analysis.skill_extractor - INFO - Extracted 12 skills from CV text (searched 140 skill patterns)
2026-03-29 15:31:41,322 - cvision.analysis.engine - INFO - Running: ATS Checker
2026-03-29 15:31:41,324 - cvision.analysis.ats_checker - INFO - ATS Score: 100.0% — 8 passed, 0 issues
2026-03-29 15:31:41,324 - cvision.analysis.engine - INFO - Running: Keyword Scorer
2026-03-29 15:31:41,330 - cvision.analysis.keyword_scorer - INFO - Keyword score: 70.0% — matched 19/85 unique keywords globally
2026-03-29 15:31:41,330 - cvision.analysis.engine - INFO - Running: Experience Evaluator
2026-03-29 15:31:41,331 - cvision.analysis.experience_evaluator - INFO - Experience: ~5.0 years, score=100.0%, entries=3
2026-03-29 15:31:41,331 - cvision.analysis.engine - INFO - Running: Score Calculator
2026-03-29 15:31:41,331 - cvision.analysis.score_calculator - INFO - Overall score: 94.2% (completeness=95.0%, skills=100.0%, ats=100.0%, keywords=70.0%, experience=100.0%)
2026-03-29 15:31:41,331 - cvision.analysis.engine - INFO - Running: Suggestion Generator
2026-03-29 15:31:41,331 - cvision.analysis.suggestion_generator - INFO - Generated 2 suggestions
2026-03-29 15:31:41,332 - cvision.analysis.engine - INFO - Analysis pipeline complete. Overall score: 94.2%
2026-03-29 15:31:41,362 - cvision.services.recommendation - INFO - Generated 3 career recommendations for analysis 1
2026-03-29 15:31:41,374 - cvision.services.analysis - INFO - Analysis 1 saved for CV 1: score=94.2%, 2 suggestions, 12 skills
2026-03-29 15:31:41,378 - cvision.services.cv - INFO - Background task successfully completed for CV 1
